[debug] [2026-07-09T08:33:07.697Z] ----------------------------------------------------------------------
[debug] [2026-07-09T08:33:07.700Z] Command:       C:\Program Files\nodejs\node.exe C:\Users\Admin\AppData\Roaming\npm\node_modules\firebase-tools\lib\bin\firebase.js init hosting
[debug] [2026-07-09T08:33:07.700Z] CLI Version:   15.22.4
[debug] [2026-07-09T08:33:07.701Z] Platform:      win32
[debug] [2026-07-09T08:33:07.701Z] Node Version:  v24.14.1
[debug] [2026-07-09T08:33:07.701Z] Detected Agent: unknown
[debug] [2026-07-09T08:33:07.701Z] Time:          Thu Jul 09 2026 15:33:07 GMT+0700 (GMT+07:00)
[debug] [2026-07-09T08:33:07.701Z] ----------------------------------------------------------------------
[debug] 
[info] 
     ######## #### ########  ######## ########     ###     ######  ########
     ##        ##  ##     ## ##       ##     ##  ##   ##  ##       ##
     ######    ##  ########  ######   ########  #########  ######  ######
     ##        ##  ##    ##  ##       ##     ## ##     ##       ## ##
     ##       #### ##     ## ######## ########  ##     ##  ######  ########

You're about to initialize a Firebase project in this directory:

  C:\Users\Admin\Downloads\thanhlong-web

[info] 
=== Project Setup
[info] 
[info] First, let's associate this project directory with a Firebase project.
[info] You can create multiple project aliases by running firebase use --add, 
[info] 
[debug] [2026-07-09T08:33:18.467Z] > command requires scopes: ["email","openid","https://www.googleapis.com/auth/cloudplatformprojects.readonly","https://www.googleapis.com/auth/firebase","https://www.googleapis.com/auth/cloud-platform"]
[debug] [2026-07-09T08:33:18.467Z] > authorizing via signed-in user (kahefi111@gmail.com)
[debug] [2026-07-09T08:33:18.469Z] Checked if tokens are valid: true, expires at: 1783589577660
[debug] [2026-07-09T08:33:18.469Z] Checked if tokens are valid: true, expires at: 1783589577660
[debug] [2026-07-09T08:33:18.470Z] >>> [apiv2][query] GET https://firebase.googleapis.com/v1beta1/projects pageSize=100
[debug] [2026-07-09T08:33:19.267Z] <<< [apiv2][status] GET https://firebase.googleapis.com/v1beta1/projects 200
[debug] [2026-07-09T08:33:19.267Z] <<< [apiv2][body] GET https://firebase.googleapis.com/v1beta1/projects [omitted]
[info] 
=== Hosting Setup
[info] 
[debug] [2026-07-09T08:35:56.882Z] ExitPromptError: User force closed the prompt with SIGINT
    at Interface.sigint (C:\Users\Admin\AppData\Roaming\npm\node_modules\firebase-tools\node_modules\@inquirer\core\dist\commonjs\lib\create-prompt.js:101:37)
    at Interface.emit (node:events:508:28)
    at [_ttyWrite] [as _ttyWrite] (node:internal/readline/interface:1327:18)
    at ReadStream.onkeypress (node:internal/readline/interface:284:20)
    at ReadStream.emit (node:events:520:35)
    at emitKeys (node:internal/readline/utils:371:14)
    at emitKeys.next (<anonymous>)
    at ReadStream.onData (node:internal/readline/emitKeypressEvents:64:36)
    at ReadStream.emit (node:events:508:28)
    at addChunk (node:internal/streams/readable:563:12)
[error] 
[error] Error: An unexpected error has occurred.
